healthcare/build/intermediates/manifest_merge_blame_file/debug/manifest-merger-blame-debug-report.txt
1<?xml version="1.0" encoding="utf-8"?>
2<manifest xmlns:android="http://schemas.android.com/apk/res/android"
3    package="cdu.zch.healthcare"
4    android:versionCode="1"
5    android:versionName="1.0" >
6
7    <uses-sdk
8        android:minSdkVersion="21"
8-->src\main\AndroidManifest.xml
9        android:targetSdkVersion="33" />
9-->src\main\AndroidManifest.xml
10
11    <application
11-->src\main\AndroidManifest.xml:5:5-71:19
12        android:allowBackup="true"
12-->src\main\AndroidManifest.xml:6:9-35
13        android:appComponentFactory="androidx.core.app.CoreComponentFactory"
13-->[androidx.core:core:1.7.0] AndroidManifest.xml:24:18-86
14        android:dataExtractionRules="@xml/data_extraction_rules"
14-->src\main\AndroidManifest.xml:7:9-65
15        android:debuggable="true"
16        android:fullBackupContent="@xml/backup_rules"
16-->src\main\AndroidManifest.xml:8:9-54
17        android:icon="@mipmap/ic_launcher"
17-->src\main\AndroidManifest.xml:9:9-43
18        android:label="@string/app_name"
18-->src\main\AndroidManifest.xml:10:9-41
19        android:supportsRtl="true"
19-->src\main\AndroidManifest.xml:11:9-35
20        android:testOnly="true"
21        android:theme="@style/Theme.Healthcare" >
21-->src\main\AndroidManifest.xml:12:9-48
22        <activity
22-->src\main\AndroidManifest.xml:14:9-16:40
23            android:name="cdu.zch.healthcare.HealthArticlesDetailsActivity"
23-->src\main\AndroidManifest.xml:15:13-58
24            android:exported="false" />
24-->src\main\AndroidManifest.xml:16:13-37
25        <activity
25-->src\main\AndroidManifest.xml:17:9-19:40
26            android:name="cdu.zch.healthcare.HealthArticlesActivity"
26-->src\main\AndroidManifest.xml:18:13-51
27            android:exported="false" />
27-->src\main\AndroidManifest.xml:19:13-37
28        <activity
28-->src\main\AndroidManifest.xml:20:9-22:40
29            android:name="cdu.zch.healthcare.BuyMedicineBookActivity"
29-->src\main\AndroidManifest.xml:21:13-52
30            android:exported="false" />
30-->src\main\AndroidManifest.xml:22:13-37
31        <activity
31-->src\main\AndroidManifest.xml:23:9-25:40
32            android:name="cdu.zch.healthcare.CartBuyMedicineActivity"
32-->src\main\AndroidManifest.xml:24:13-52
33            android:exported="false" />
33-->src\main\AndroidManifest.xml:25:13-37
34        <activity
34-->src\main\AndroidManifest.xml:26:9-28:40
35            android:name="cdu.zch.healthcare.BuyMedicineDetailsActivity"
35-->src\main\AndroidManifest.xml:27:13-55
36            android:exported="false" />
36-->src\main\AndroidManifest.xml:28:13-37
37        <activity
37-->src\main\AndroidManifest.xml:29:9-31:40
38            android:name="cdu.zch.healthcare.BuyMedicineActivity"
38-->src\main\AndroidManifest.xml:30:13-48
39            android:exported="false" />
39-->src\main\AndroidManifest.xml:31:13-37
40        <activity
40-->src\main\AndroidManifest.xml:32:9-34:40
41            android:name="cdu.zch.healthcare.OrderDetailsActivity"
41-->src\main\AndroidManifest.xml:33:13-49
42            android:exported="false" />
42-->src\main\AndroidManifest.xml:34:13-37
43        <activity
43-->src\main\AndroidManifest.xml:35:9-37:40
44            android:name="cdu.zch.healthcare.LabTestBookActivity"
44-->src\main\AndroidManifest.xml:36:13-48
45            android:exported="false" />
45-->src\main\AndroidManifest.xml:37:13-37
46        <activity
46-->src\main\AndroidManifest.xml:38:9-40:40
47            android:name="cdu.zch.healthcare.CartLabActivity"
47-->src\main\AndroidManifest.xml:39:13-44
48            android:exported="false" />
48-->src\main\AndroidManifest.xml:40:13-37
49        <activity
49-->src\main\AndroidManifest.xml:41:9-43:40
50            android:name="cdu.zch.healthcare.LabTestDetailsActivity"
50-->src\main\AndroidManifest.xml:42:13-51
51            android:exported="false" />
51-->src\main\AndroidManifest.xml:43:13-37
52        <activity
52-->src\main\AndroidManifest.xml:44:9-46:40
53            android:name="cdu.zch.healthcare.LabTestActivity"
53-->src\main\AndroidManifest.xml:45:13-44
54            android:exported="false" />
54-->src\main\AndroidManifest.xml:46:13-37
55        <activity
55-->src\main\AndroidManifest.xml:47:9-49:40
56            android:name="cdu.zch.healthcare.BookAppointmentActivity"
56-->src\main\AndroidManifest.xml:48:13-52
57            android:exported="false" />
57-->src\main\AndroidManifest.xml:49:13-37
58        <activity
58-->src\main\AndroidManifest.xml:50:9-52:40
59            android:name="cdu.zch.healthcare.DoctorDetailsActivity"
59-->src\main\AndroidManifest.xml:51:13-50
60            android:exported="false" />
60-->src\main\AndroidManifest.xml:52:13-37
61        <activity
61-->src\main\AndroidManifest.xml:53:9-55:40
62            android:name="cdu.zch.healthcare.FindDoctorActivity"
62-->src\main\AndroidManifest.xml:54:13-47
63            android:exported="false" />
63-->src\main\AndroidManifest.xml:55:13-37
64        <activity
64-->src\main\AndroidManifest.xml:56:9-58:40
65            android:name="cdu.zch.healthcare.HomeActivity"
65-->src\main\AndroidManifest.xml:57:13-41
66            android:exported="false" />
66-->src\main\AndroidManifest.xml:58:13-37
67        <activity
67-->src\main\AndroidManifest.xml:59:9-61:40
68            android:name="cdu.zch.healthcare.RegisterActivity"
68-->src\main\AndroidManifest.xml:60:13-45
69            android:exported="false" />
69-->src\main\AndroidManifest.xml:61:13-37
70        <activity
70-->src\main\AndroidManifest.xml:62:9-70:20
71            android:name="cdu.zch.healthcare.LoginActivity"
71-->src\main\AndroidManifest.xml:63:13-42
72            android:exported="true" >
72-->src\main\AndroidManifest.xml:64:13-36
73            <intent-filter>
73-->src\main\AndroidManifest.xml:65:13-69:29
74                <action android:name="android.intent.action.MAIN" />
74-->src\main\AndroidManifest.xml:66:17-69
74-->src\main\AndroidManifest.xml:66:25-66
75
76                <category android:name="android.intent.category.LAUNCHER" />
76-->src\main\AndroidManifest.xml:68:17-77
76-->src\main\AndroidManifest.xml:68:27-74
77            </intent-filter>
78        </activity>
79
80        <provider
80-->[androidx.emoji2:emoji2:1.0.0] AndroidManifest.xml:26:9-34:20
81            android:name="androidx.startup.InitializationProvider"
81-->[androidx.emoji2:emoji2:1.0.0] AndroidManifest.xml:27:13-67
82            android:authorities="cdu.zch.healthcare.androidx-startup"
82-->[androidx.emoji2:emoji2:1.0.0] AndroidManifest.xml:28:13-68
83            android:exported="false" >
83-->[androidx.emoji2:emoji2:1.0.0] AndroidManifest.xml:29:13-37
84            <meta-data
84-->[androidx.emoji2:emoji2:1.0.0] AndroidManifest.xml:31:13-33:52
85                android:name="androidx.emoji2.text.EmojiCompatInitializer"
85-->[androidx.emoji2:emoji2:1.0.0] AndroidManifest.xml:32:17-75
86                android:value="androidx.startup" />
86-->[androidx.emoji2:emoji2:1.0.0] AndroidManifest.xml:33:17-49
87            <meta-data
87-->[androidx.lifecycle:lifecycle-process:2.4.0] AndroidManifest.xml:31:13-33:52
88                android:name="androidx.lifecycle.ProcessLifecycleInitializer"
88-->[androidx.lifecycle:lifecycle-process:2.4.0] AndroidManifest.xml:32:17-78
89                android:value="androidx.startup" />
89-->[androidx.lifecycle:lifecycle-process:2.4.0] AndroidManifest.xml:33:17-49
90        </provider>
91    </application>
92
93</manifest>